Arguments: 
  C:\Program Files\nodejs\node.exe C:\Program Files (x86)\Yarn\bin\yarn.js install

PATH: 
  C:\Program Files (x86)\VMware\VMware Workstation\bin\;C:\Program Files\AdoptOpenJDK\jdk-8.0.275.1-hotspot\bin;C:\Program Files (x86)\Common Files\Oracle\Java\javapath;C:\Windows\system32;C:\Windows;C:\Windows\System32\Wbem;C:\Windows\System32\WindowsPowerShell\v1.0\;C:\Windows\System32\OpenSSH\;C:\Program Files\PuTTY\;C:\Program Files\Microsoft SQL Server\130\Tools\Binn\;C:\Program Files\Microsoft SQL Server\Client SDK\ODBC\170\Tools\Binn\;C:\Program Files\NVIDIA Corporation\NVIDIA NvDLISR;C:\Program Files (x86)\NVIDIA Corporation\PhysX\Common;C:\Program Files\Git\cmd;C:\Program Files (x86)\GtkSharp\2.12\bin;C:\Program Files\Java\jdk1.8.0_241\bin;C:\Program Files (x86)\Yarn\bin\;C:\Program Files\Ferro Software\FtpUse;C:\Users\Pyxel.DESKTOP-DGNN9JI\AppData\Roaming\nvm;C:\Program Files\nodejs;C:\Program Files (x86)\mingw-w64\i686-8.1.0-win32-dwarf-rt_v6-rev0\mingw32\bin;C:\Program Files\dotnet\;C:\ProgramData\chocolatey\bin;C:\Program Files\qemu;C:\ProgramData\chocolatey\lib\mpv.install\tools;;C:\Program Files\Docker\Docker\resources\bin;C:\ProgramData\DockerDesktop\version-bin;C:\Users\Pyxel.DESKTOP-DGNN9JI\.cargo\bin;C:\Users\Pyxel.DESKTOP-DGNN9JI\AppData\Local\Microsoft\WindowsApps;C:\Users\Pyxel.DESKTOP-DGNN9JI\AppData\Local\Programs\Microsoft VS Code\bin;C:\Users\Pyxel.DESKTOP-DGNN9JI\AppData\Roaming\npm;C:\Users\Pyxel.DESKTOP-DGNN9JI\AppData\Local\GitHubDesktop\bin;C:\Users\Pyxel.DESKTOP-DGNN9JI\AppData\Local\Yarn\bin;C:\Users\Pyxel.DESKTOP-DGNN9JI\AppData\Roaming\nvm;C:\Program Files\nodejs;C:\Users\Pyxel.DESKTOP-DGNN9JI\.deno\bin;D:\Clay-Devs\PyxShell;D:\pyx\bin;C:\Users\Pyxel.DESKTOP-DGNN9JI\.dotnet\tools;C:\Users\Pyxel.DESKTOP-DGNN9JI\AppData\Roaming\cabal\bin;C:\tools\ghc-9.0.1\bin;C:\tools\msys64;C:\Program Files\qemu;

Yarn version: 
  1.22.5

Node version: 
  14.15.0

Platform: 
  win32 x64

Trace: 
  SyntaxError: D:\Projects\ReefRaid\APIWrapper\package.json: Unexpected token } in JSON at position 59
      at JSON.parse (<anonymous>)
      at C:\Program Files (x86)\Yarn\lib\cli.js:1625:59
      at Generator.next (<anonymous>)
      at step (C:\Program Files (x86)\Yarn\lib\cli.js:310:30)
      at C:\Program Files (x86)\Yarn\lib\cli.js:321:13

npm manifest: 
  {
    "name": "api",
    "main": "./dist/index",
    "dependencies": {
      "axios": "^0.21.1",
      "connect-mongo": "3.2.0",
      "cors": "^2.8.5",
      "crypto-js": "^4.0.0",
      "express": "^4.17.1",
      "express-session": "^1.17.2",
      "mongoose": "^5.12.14",
      "passport": "^0.4.1",
      "passport-discord": "^0.1.4"
    },
    "scripts": {
      "start": "tsc && node ."
    }
  }

yarn manifest: 
  No manifest

Lockfile: 
  No lockfile
